<?xml version="1.0" encoding="UTF-8"?>
<testng-results ignored="0" total="4" passed="4" failed="0" skipped="0">
  <reporter-output>
  </reporter-output>
  <suite started-at="2026-09-14T14:18:34 IST" name="API Test Suite" finished-at="2026-09-14T14:18:45 IST" duration-ms="10203">
    <groups>
    </groups>
    <test started-at="2026-09-14T14:18:34 IST" name="JSON Tests" finished-at="2026-09-14T14:18:45 IST" duration-ms="10203">
      <class name="api.test.UserTests">
        <test-method is-config="true" signature="setup()[pri:0, instance:api.test.UserTests@4b5a5ed1]" started-at="2026-09-14T14:18:34 IST" name="setup" finished-at="2026-09-14T14:18:35 IST" duration-ms="437" status="PASS">
          <reporter-output>
          </reporter-output>
        </test-method> <!-- setup -->
        <test-method signature="testpostuser()[pri:1, instance:api.test.UserTests@4b5a5ed1]" started-at="2026-09-14T14:18:35 IST" name="testpostuser" finished-at="2026-09-14T14:18:38 IST" duration-ms="3291" status="PASS">
          <reporter-output>
          </reporter-output>
        </test-method> <!-- testpostuser -->
        <test-method signature="testgetuserByName()[pri:2, instance:api.test.UserTests@4b5a5ed1]" started-at="2026-09-14T14:18:38 IST" name="testgetuserByName" finished-at="2026-09-14T14:18:40 IST" duration-ms="1665" status="PASS">
          <reporter-output>
          </reporter-output>
        </test-method> <!-- testgetuserByName -->
        <test-method signature="testUpdateuserByName()[pri:3, instance:api.test.UserTests@4b5a5ed1]" started-at="2026-09-14T14:18:40 IST" name="testUpdateuserByName" finished-at="2026-09-14T14:18:43 IST" duration-ms="3091" status="PASS">
          <reporter-output>
          </reporter-output>
        </test-method> <!-- testUpdateuserByName -->
        <test-method signature="testDeleteuserByName()[pri:4, instance:api.test.UserTests@4b5a5ed1]" started-at="2026-09-14T14:18:43 IST" name="testDeleteuserByName" finished-at="2026-09-14T14:18:45 IST" duration-ms="1551" status="PASS">
          <reporter-output>
          </reporter-output>
        </test-method> <!-- testDeleteuserByName -->
      </class> <!-- api.test.UserTests -->
    </test> <!-- JSON Tests -->
  </suite> <!-- API Test Suite -->
</testng-results>
