<?xml version="1.0" encoding="UTF-8"?>
<!-- Generated by org.testng.reporters.JUnitXMLReporter -->
<testsuite ignored="0" hostname="Veeru90" failures="0" tests="4" name="JSON Tests" time="14.49" errors="0" timestamp="2026-09-14T12:39:15 IST">
  <testcase classname="api.test.UserTests" name="testpostuser" time="5.115"/>
  <testcase classname="api.test.UserTests" name="testgetuserByName" time="1.924"/>
  <testcase classname="api.test.UserTests" name="testUpdateuserByName" time="4.461"/>
  <testcase classname="api.test.UserTests" name="testDeleteuserByName" time="1.772"/>
</testsuite> <!-- JSON Tests -->
