<?xml version="1.0" encoding="UTF-8"?>
<testng-results ignored="0" total="4" passed="4" failed="0" skipped="0">
  <reporter-output>
  </reporter-output>
  <suite started-at="2026-09-14T12:39:00 IST" name="API Test Suite" finished-at="2026-09-14T12:39:14 IST" duration-ms="14490">
    <groups>
    </groups>
    <test started-at="2026-09-14T12:39:00 IST" name="JSON Tests" finished-at="2026-09-14T12:39:14 IST" duration-ms="14490">
      <class name="api.test.UserTests">
        <test-method is-config="true" signature="setup()[pri:0, instance:api.test.UserTests@3bb9a3ff]" started-at="2026-09-14T12:39:00 IST" name="setup" finished-at="2026-09-14T12:39:01 IST" duration-ms="787" status="PASS">
          <reporter-output>
          </reporter-output>
        </test-method> <!-- setup -->
        <test-method signature="testpostuser()[pri:1, instance:api.test.UserTests@3bb9a3ff]" started-at="2026-09-14T12:39:01 IST" name="testpostuser" finished-at="2026-09-14T12:39:06 IST" duration-ms="5115" status="PASS">
          <reporter-output>
          </reporter-output>
        </test-method> <!-- testpostuser -->
        <test-method signature="testgetuserByName()[pri:2, instance:api.test.UserTests@3bb9a3ff]" started-at="2026-09-14T12:39:06 IST" name="testgetuserByName" finished-at="2026-09-14T12:39:08 IST" duration-ms="1924" status="PASS">
          <reporter-output>
          </reporter-output>
        </test-method> <!-- testgetuserByName -->
        <test-method signature="testUpdateuserByName()[pri:3, instance:api.test.UserTests@3bb9a3ff]" started-at="2026-09-14T12:39:08 IST" name="testUpdateuserByName" finished-at="2026-09-14T12:39:12 IST" duration-ms="4461" status="PASS">
          <reporter-output>
          </reporter-output>
        </test-method> <!-- testUpdateuserByName -->
        <test-method signature="testDeleteuserByName()[pri:4, instance:api.test.UserTests@3bb9a3ff]" started-at="2026-09-14T12:39:12 IST" name="testDeleteuserByName" finished-at="2026-09-14T12:39:14 IST" duration-ms="1772" status="PASS">
          <reporter-output>
          </reporter-output>
        </test-method> <!-- testDeleteuserByName -->
      </class> <!-- api.test.UserTests -->
    </test> <!-- JSON Tests -->
  </suite> <!-- API Test Suite -->
</testng-results>
