<?xml version="1.0" encoding="UTF-8"?>
<!-- Generated by org.testng.reporters.JUnitReportReporter -->
<testsuite hostname="Veeru90" failures="0" tests="4" name="api.test.UserTests" time="13.272" errors="0" timestamp="2026-09-14T12:39:15 IST" skipped="0">
  <testcase classname="api.test.UserTests" name="testpostuser" time="5.115"/>
  <testcase classname="api.test.UserTests" name="testgetuserByName" time="1.924"/>
  <testcase classname="api.test.UserTests" name="testUpdateuserByName" time="4.461"/>
  <testcase classname="api.test.UserTests" name="testDeleteuserByName" time="1.772"/>
</testsuite> <!-- api.test.UserTests -->
