<?xml version="1.0" encoding="UTF-8"?>
<!-- Generated by org.testng.reporters.JUnitXMLReporter -->
<testsuite ignored="0" hostname="Veeru90" failures="0" tests="4" name="JSON Tests" time="10.203" errors="0" timestamp="2026-09-14T14:18:45 IST">
  <testcase classname="api.test.UserTests" name="testpostuser" time="3.291"/>
  <testcase classname="api.test.UserTests" name="testgetuserByName" time="1.665"/>
  <testcase classname="api.test.UserTests" name="testUpdateuserByName" time="3.091"/>
  <testcase classname="api.test.UserTests" name="testDeleteuserByName" time="1.551"/>
</testsuite> <!-- JSON Tests -->
